Added Component: Designator=D2(Kingbright_KPT-2012EC_0)
Add component (AddParameter): Name = "Brand"; Value = "KINGBRIGHT"; VariantName = "[No Variations]"
Add component (AddParameter): Name = "Order Code"; Value = "2099236"; VariantName = "[No Variations]"
Add component (AddParameter): Name = "Price"; Value = "0,112"; VariantName = "[No Variations]"
Add component (AddParameter): Name = "Supplier"; Value = "Farnell"; VariantName = "[No Variations]"
Add component (AddParameter): Name = "Type"; Value = "KPT-2012EC"; VariantName = "[No Variations]"
Added Component: Designator=S1(ESE20_3)
Add component (AddParameter): Name = "Brand"; Value = "PANASONIC"; VariantName = "[No Variations]"
Add component (AddParameter): Name = "Order Code"; Value = "2079605"; VariantName = "[No Variations]"
Add component (AddParameter): Name = "Price"; Value = "0,836"; VariantName = "[No Variations]"
Add component (AddParameter): Name = "Seller"; Value = "Farnell"; VariantName = "[No Variations]"
Add component (AddParameter): Name = "Type"; Value = "ESE20D321"; VariantName = "[No Variations]"
Added Pin To Net: NetName=ESPGND Pin=D2-1
Added Pin To Net: NetName=ESPGND Pin=S1-1
Added Pin To Net: NetName=ESPGND Pin=S1-3
Added Pin To Net: NetName=Button Pin=MCU1-5
Added Pin To Net: NetName=Button Pin=S1-2
Added Pin To Net: NetName=Button Pin=S1-4
Added Net: Name=Button
Added Pin To Net: NetName=LED Pin=D2-2
Added Pin To Net: NetName=LED Pin=MCU1-4
Added Net: Name=LED
